This is pdfTeX, Version 3.141592653-2.6-1.40.22 (TeX Live 2022/dev/Debian) (preloaded format=pdflatex 2022.8.15)  26 SEP 2022 16:19
entering extended mode
 \write18 enabled.
 %&-line parsing enabled.
**main.tex
(./main.tex
LaTeX2e <2021-11-15> patch level 1
L3 programming layer <2022-01-21> (./setup.cls
Document Class: setup Class for homework
(/usr/share/texlive/texmf-dist/tex/latex/base/article.cls
Document Class: article 2021/10/04 v1.4n Standard LaTeX document class
(/usr/share/texlive/texmf-dist/tex/latex/base/size10.clo
File: size10.clo 2021/10/04 v1.4n Standard LaTeX file (size option)
)
\c@part=\count185
\c@section=\count186
\c@subsection=\count187
\c@subsubsection=\count188
\c@paragraph=\count189
\c@subparagraph=\count190
\c@figure=\count191
\c@table=\count192
\abovecaptionskip=\skip47
\belowcaptionskip=\skip48
\bibindent=\dimen138
)
(/usr/share/texlive/texmf-dist/tex/latex/scalerel/scalerel.sty
Package: scalerel 2016/12/29 v1.8 Routines for constrained scaling and stretchi
ng of objects, relative to a reference object or in absolute terms

(/usr/share/texlive/texmf-dist/tex/latex/tools/calc.sty
Package: calc 2017/05/25 v4.3 Infix arithmetic (KKT,FJ)
\calc@Acount=\count193
\calc@Bcount=\count194
\calc@Adimen=\dimen139
\calc@Bdimen=\dimen140
\calc@Askip=\skip49
\calc@Bskip=\skip50
LaTeX Info: Redefining \setlength on input line 80.
LaTeX Info: Redefining \addtolength on input line 81.
\calc@Ccount=\count195
\calc@Cskip=\skip51
)
(/usr/share/texlive/texmf-dist/tex/latex/graphics/graphicx.sty
Package: graphicx 2021/09/16 v1.2d Enhanced LaTeX Graphics (DPC,SPQR)

(/usr/share/texlive/texmf-dist/tex/latex/graphics/keyval.sty
Package: keyval 2014/10/28 v1.15 key=value parser (DPC)
\KV@toks@=\toks16
)
(/usr/share/texlive/texmf-dist/tex/latex/graphics/graphics.sty
Package: graphics 2021/03/04 v1.4d Standard LaTeX Graphics (DPC,SPQR)

(/usr/share/texlive/texmf-dist/tex/latex/graphics/trig.sty
Package: trig 2021/08/11 v1.11 sin cos tan (DPC)
)
(/usr/share/texlive/texmf-dist/tex/latex/graphics-cfg/graphics.cfg
File: graphics.cfg 2016/06/04 v1.11 sample graphics configuration
)
Package graphics Info: Driver file: pdftex.def on input line 107.

(/usr/share/texlive/texmf-dist/tex/latex/graphics-def/pdftex.def
File: pdftex.def 2020/10/05 v1.2a Graphics/color driver for pdftex
))
\Gin@req@height=\dimen141
\Gin@req@width=\dimen142
)
(/usr/share/texlive/texmf-dist/tex/latex/etoolbox/etoolbox.sty
Package: etoolbox 2020/10/05 v2.5k e-TeX tools for LaTeX (JAW)
\etb@tempcnta=\count196
)
\thesrwidth=\skip52
\thesrheight=\skip53
\srblobheight=\skip54
\srblobdepth=\skip55
\mnxsrwidth=\skip56
\LMex=\skip57
\LMpt=\skip58
)
(/usr/share/texlive/texmf-dist/tex/latex/stackengine/stackengine.sty
Package: stackengine 2021/07/22 v4.11\ Stacking text and objects in convenient 
ways

(/usr/share/texlive/texmf-dist/tex/generic/listofitems/listofitems.sty
(/usr/share/texlive/texmf-dist/tex/generic/listofitems/listofitems.tex
\loi_cnt_foreach_nest=\count197
\loi_nestcnt=\count198
)
Package: listofitems 2019/08/21 v1.63 Grab items in lists using user-specified 
sep char (CT)
)
\c@@stackindex=\count199
\@boxshift=\skip59
\stack@tmplength=\skip60
\temp@stkl=\skip61
\@stackedboxwidth=\skip62
\@addedbox=\box50
\@anchorbox=\box51
\@insetbox=\box52
\se@backgroundbox=\box53
\stackedbox=\box54
\@centerbox=\box55
\c@ROWcellindex@=\count266
)
(/usr/share/texlive/texmf-dist/tex/latex/pdfpages/pdfpages.sty
Package: pdfpages 2022/01/29 v0.5u Insert pages of external PDF documents (AM)

(/usr/share/texlive/texmf-dist/tex/latex/base/ifthen.sty
Package: ifthen 2020/11/24 v1.1c Standard LaTeX ifthen package (DPC)
)
(/usr/share/texlive/texmf-dist/tex/latex/eso-pic/eso-pic.sty
Package: eso-pic 2020/10/14 v3.0a eso-pic (RN)
\ESO@tempdima=\dimen143
\ESO@tempdimb=\dimen144

(/usr/share/texlive/texmf-dist/tex/latex/xcolor/xcolor.sty
Package: xcolor 2021/10/31 v2.13 LaTeX color extensions (UK)

(/usr/share/texlive/texmf-dist/tex/latex/graphics-cfg/color.cfg
File: color.cfg 2016/01/02 v1.6 sample color configuration
)
Package xcolor Info: Driver file: pdftex.def on input line 227.
Package xcolor Info: Model `cmy' substituted by `cmy0' on input line 1352.
Package xcolor Info: Model `hsb' substituted by `rgb' on input line 1356.
Package xcolor Info: Model `RGB' extended on input line 1368.
Package xcolor Info: Model `HTML' substituted by `rgb' on input line 1370.
Package xcolor Info: Model `Hsb' substituted by `hsb' on input line 1371.
Package xcolor Info: Model `tHsb' substituted by `hsb' on input line 1372.
Package xcolor Info: Model `HSB' substituted by `hsb' on input line 1373.
Package xcolor Info: Model `Gray' substituted by `gray' on input line 1374.
Package xcolor Info: Model `wave' substituted by `hsb' on input line 1375.
))
\AM@pagewidth=\dimen145
\AM@pageheight=\dimen146
\AM@fboxrule=\dimen147

(/usr/share/texlive/texmf-dist/tex/latex/pdfpages/pppdftex.def
File: pppdftex.def 2022/01/29 v0.5u Pdfpages driver for pdfTeX (AM)
)
\pdfpages@includegraphics@status=\count267
\AM@pagebox=\box56
\AM@global@opts=\toks17
\AM@pagecnt=\count268
\AM@toc@title=\toks18
\c@AM@survey=\count269
\AM@templatesizebox=\box57
)
(/usr/share/texlive/texmf-dist/tex/latex/parskip/parskip.sty
Package: parskip 2021-03-14 v2.0h non-zero parskip adjustments

(/usr/share/texlive/texmf-dist/tex/latex/kvoptions/kvoptions.sty
Package: kvoptions 2020-10-07 v3.14 Key value format for package options (HO)

(/usr/share/texlive/texmf-dist/tex/generic/ltxcmds/ltxcmds.sty
Package: ltxcmds 2020-05-10 v1.25 LaTeX kernel commands for general use (HO)
)
(/usr/share/texlive/texmf-dist/tex/generic/kvsetkeys/kvsetkeys.sty
Package: kvsetkeys 2019/12/15 v1.18 Key value parser (HO)
)))
(/usr/share/texlive/texmf-dist/tex/latex/minted/minted.sty
Package: minted 2021/12/24 v2.6 Yet another Pygments shim for LaTeX

(/usr/share/texlive/texmf-dist/tex/latex/fvextra/fvextra.sty
Package: fvextra 2019/02/04 v1.4 fvextra - extensions and patches for fancyvrb

(/usr/share/texlive/texmf-dist/tex/latex/fancyvrb/fancyvrb.sty
Package: fancyvrb 2021/12/21 4.1b verbatim text (tvz,hv)
\FV@CodeLineNo=\count270
\FV@InFile=\read2
\FV@TabBox=\box58
\c@FancyVerbLine=\count271
\FV@StepNumber=\count272
\FV@OutFile=\write3
)
(/usr/share/texlive/texmf-dist/tex/latex/upquote/upquote.sty
Package: upquote 2012/04/19 v1.3 upright-quote and grave-accent glyphs in verba
tim
)
(/usr/share/texlive/texmf-dist/tex/latex/lineno/lineno.sty
Package: lineno 2005/11/02 line numbers on paragraphs v4.41
\linenopenalty=\count273
\output=\toks19
\linenoprevgraf=\count274
\linenumbersep=\dimen148
\linenumberwidth=\dimen149
\c@linenumber=\count275
\c@pagewiselinenumber=\count276
\c@LN@truepage=\count277
\c@internallinenumber=\count278
\c@internallinenumbers=\count279
\quotelinenumbersep=\dimen150
\bframerule=\dimen151
\bframesep=\dimen152
\bframebox=\box59
LaTeX Info: Redefining \\ on input line 3056.
)
\c@FV@TrueTabGroupLevel=\count280
\c@FV@TrueTabCounter=\count281
\FV@TabBox@Group=\box60
\FV@TmpLength=\skip63
\c@FV@HighlightLinesStart=\count282
\c@FV@HighlightLinesStop=\count283
\FV@LoopCount=\count284
\FV@NCharsBox=\box61
\FV@BreakIndent=\dimen153
\FV@BreakIndentNChars=\count285
\FV@BreakSymbolSepLeft=\dimen154
\FV@BreakSymbolSepLeftNChars=\count286
\FV@BreakSymbolSepRight=\dimen155
\FV@BreakSymbolSepRightNChars=\count287
\FV@BreakSymbolIndentLeft=\dimen156
\FV@BreakSymbolIndentLeftNChars=\count288
\FV@BreakSymbolIndentRight=\dimen157
\FV@BreakSymbolIndentRightNChars=\count289
\c@FancyVerbLineBreakLast=\count290
\FV@LineBox=\box62
\FV@LineIndentBox=\box63
\FV@LineWidth=\dimen158
)
(/usr/share/texlive/texmf-dist/tex/latex/tools/shellesc.sty
Package: shellesc 2019/11/08 v1.0c unified shell escape interface for LaTeX
Package shellesc Info: Unrestricted shell escape enabled on input line 75.
)
(/usr/share/texlive/texmf-dist/tex/latex/ifplatform/ifplatform.sty
Package: ifplatform 2017/10/13 v0.4a Testing for the operating system

(/usr/share/texlive/texmf-dist/tex/generic/pdftexcmds/pdftexcmds.sty
Package: pdftexcmds 2020-06-27 v0.33 Utility functions of pdfTeX for LuaTeX (HO
)

(/usr/share/texlive/texmf-dist/tex/generic/infwarerr/infwarerr.sty
Package: infwarerr 2019/12/03 v1.5 Providing info/warning/error messages (HO)
)
(/usr/share/texlive/texmf-dist/tex/generic/iftex/iftex.sty
Package: iftex 2020/03/06 v1.0d TeX engine tests
)
Package pdftexcmds Info: \pdf@primitive is available.
Package pdftexcmds Info: \pdf@ifprimitive is available.
Package pdftexcmds Info: \pdfdraftmode found.
)
(/usr/share/texlive/texmf-dist/tex/generic/catchfile/catchfile.sty
Package: catchfile 2019/12/09 v1.8 Catch the contents of a file (HO)

(/usr/share/texlive/texmf-dist/tex/generic/etexcmds/etexcmds.sty
Package: etexcmds 2019/12/15 v1.7 Avoid name clashes with e-TeX commands (HO)
))
(/usr/share/texlive/texmf-dist/tex/generic/iftex/ifluatex.sty
Package: ifluatex 2019/10/25 v1.5 ifluatex legacy package. Use iftex instead.
)
runsystem(uname -s > "main.w18")...executed.

 (./main.w18)
runsystem(rm -- "main.w18")...executed.

)
(/usr/share/texlive/texmf-dist/tex/generic/xstring/xstring.sty
(/usr/share/texlive/texmf-dist/tex/generic/xstring/xstring.tex
\integerpart=\count291
\decimalpart=\count292
)
Package: xstring 2021/07/21 v1.84 String manipulations (CT)
)
(/usr/share/texlive/texmf-dist/tex/latex/framed/framed.sty
Package: framed 2011/10/22 v 0.96: framed or shaded text with page breaks
\OuterFrameSep=\skip64
\fb@frw=\dimen159
\fb@frh=\dimen160
\FrameRule=\dimen161
\FrameSep=\dimen162
)
(/usr/share/texlive/texmf-dist/tex/latex/float/float.sty
Package: float 2001/11/08 v1.3d Float enhancements (AL)
\c@float@type=\count293
\float@exts=\toks20
\float@box=\box64
\@float@everytoks=\toks21
\@floatcapt=\box65
)
\minted@appexistsfile=\read3
\minted@bgbox=\box66
\minted@code=\write4
\c@minted@FancyVerbLineTemp=\count294
\c@minted@pygmentizecounter=\count295
\@float@every@listing=\toks22
\c@listing=\count296
)
runsystem(mkdir -p _minted-main)...executed.


(/usr/share/texlive/texmf-dist/tex/latex/subfigure/subfigure.sty
Package: subfigure 2002/03/15 v2.1.5 subfigure package
\subfigtopskip=\skip65
\subfigcapskip=\skip66
\subfigcaptopadj=\dimen163
\subfigbottomskip=\skip67
\subfigcapmargin=\dimen164
\subfiglabelskip=\skip68
\c@subfigure=\count297
\c@lofdepth=\count298
\c@subtable=\count299
\c@lotdepth=\count300

****************************************
* Local config file subfigure.cfg used *
****************************************
(/usr/share/texlive/texmf-dist/tex/latex/subfigure/subfigure.cfg)
\subfig@top=\skip69
\subfig@bottom=\skip70
)
(/usr/share/texlive/texmf-dist/tex/latex/svg/svg.sty
Package: svg 2020/11/26 v2.02k (include SVG pictures)

(/usr/share/texlive/texmf-dist/tex/latex/koma-script/scrbase.sty
Package: scrbase 2021/11/13 v3.35 KOMA-Script package (KOMA-Script-independent 
basics and keyval usage)

(/usr/share/texlive/texmf-dist/tex/latex/koma-script/scrlfile.sty
Package: scrlfile 2021/11/13 v3.35 KOMA-Script package (file load hooks)

(/usr/share/texlive/texmf-dist/tex/latex/koma-script/scrlfile-hook.sty
Package: scrlfile-hook 2021/11/13 v3.35 KOMA-Script package (using LaTeX hooks)


(/usr/share/texlive/texmf-dist/tex/latex/koma-script/scrlogo.sty
Package: scrlogo 2021/11/13 v3.35 KOMA-Script package (logo)
)))
Applying: [2021/05/01] Usage of raw or classic option list on input line 252.
Already applied: [0000/00/00] Usage of raw or classic option list on input line
 368.
)
(/usr/share/texlive/texmf-dist/tex/latex/trimspaces/trimspaces.sty
Package: trimspaces 2009/09/17 v1.1 Trim spaces around a token list
)
\c@svg@param@lastpage=\count301
\svg@box=\box67
\c@svg@param@currpage=\count302
)
(/usr/share/texlive/texmf-dist/tex/latex/transparent/transparent.sty
Package: transparent 2019/11/29 v1.4 Transparency via pdfTeX's color stack (HO)


(/usr/share/texlive/texmf-dist/tex/latex/auxhook/auxhook.sty
Package: auxhook 2019-12-17 v1.6 Hooks for auxiliary files (HO)
))
(/usr/share/texlive/texmf-dist/tex/latex/pgf/systemlayer/pgfsys.sty
(/usr/share/texlive/texmf-dist/tex/latex/pgf/utilities/pgfrcs.sty
(/usr/share/texlive/texmf-dist/tex/generic/pgf/utilities/pgfutil-common.tex
\pgfutil@everybye=\toks23
\pgfutil@tempdima=\dimen165
\pgfutil@tempdimb=\dimen166

(/usr/share/texlive/texmf-dist/tex/generic/pgf/utilities/pgfutil-common-lists.t
ex)) (/usr/share/texlive/texmf-dist/tex/generic/pgf/utilities/pgfutil-latex.def
\pgfutil@abb=\box68
) (/usr/share/texlive/texmf-dist/tex/generic/pgf/utilities/pgfrcs.code.tex
(/usr/share/texlive/texmf-dist/tex/generic/pgf/pgf.revision.tex)
Package: pgfrcs 2021/05/15 v3.1.9a (3.1.9a)
))
(/usr/share/texlive/texmf-dist/tex/generic/pgf/systemlayer/pgfsys.code.tex
Package: pgfsys 2021/05/15 v3.1.9a (3.1.9a)

(/usr/share/texlive/texmf-dist/tex/generic/pgf/utilities/pgfkeys.code.tex
\pgfkeys@pathtoks=\toks24
\pgfkeys@temptoks=\toks25

(/usr/share/texlive/texmf-dist/tex/generic/pgf/utilities/pgfkeysfiltered.code.t
ex
\pgfkeys@tmptoks=\toks26
))
\pgf@x=\dimen167
\pgf@y=\dimen168
\pgf@xa=\dimen169
\pgf@ya=\dimen170
\pgf@xb=\dimen171
\pgf@yb=\dimen172
\pgf@xc=\dimen173
\pgf@yc=\dimen174
\pgf@xd=\dimen175
\pgf@yd=\dimen176
\w@pgf@writea=\write5
\r@pgf@reada=\read4
\c@pgf@counta=\count303
\c@pgf@countb=\count304
\c@pgf@countc=\count305
\c@pgf@countd=\count306
\t@pgf@toka=\toks27
\t@pgf@tokb=\toks28
\t@pgf@tokc=\toks29
\pgf@sys@id@count=\count307
 (/usr/share/texlive/texmf-dist/tex/generic/pgf/systemlayer/pgf.cfg
File: pgf.cfg 2021/05/15 v3.1.9a (3.1.9a)
)
Driver file for pgf: pgfsys-pdftex.def

(/usr/share/texlive/texmf-dist/tex/generic/pgf/systemlayer/pgfsys-pdftex.def
File: pgfsys-pdftex.def 2021/05/15 v3.1.9a (3.1.9a)

(/usr/share/texlive/texmf-dist/tex/generic/pgf/systemlayer/pgfsys-common-pdf.de
f
File: pgfsys-common-pdf.def 2021/05/15 v3.1.9a (3.1.9a)
)))
(/usr/share/texlive/texmf-dist/tex/generic/pgf/systemlayer/pgfsyssoftpath.code.
tex
File: pgfsyssoftpath.code.tex 2021/05/15 v3.1.9a (3.1.9a)
\pgfsyssoftpath@smallbuffer@items=\count308
\pgfsyssoftpath@bigbuffer@items=\count309
)
(/usr/share/texlive/texmf-dist/tex/generic/pgf/systemlayer/pgfsysprotocol.code.
tex
File: pgfsysprotocol.code.tex 2021/05/15 v3.1.9a (3.1.9a)
)) (/usr/share/texlive/texmf-dist/tex/latex/amsmath/amsmath.sty
Package: amsmath 2021/10/15 v2.17l AMS math features
\@mathmargin=\skip71

For additional information on amsmath, use the `?' option.
(/usr/share/texlive/texmf-dist/tex/latex/amsmath/amstext.sty
Package: amstext 2021/08/26 v2.01 AMS text

(/usr/share/texlive/texmf-dist/tex/latex/amsmath/amsgen.sty
File: amsgen.sty 1999/11/30 v2.0 generic functions
\@emptytoks=\toks30
\ex@=\dimen177
))
(/usr/share/texlive/texmf-dist/tex/latex/amsmath/amsbsy.sty
Package: amsbsy 1999/11/29 v1.2d Bold Symbols
\pmbraise@=\dimen178
)
(/usr/share/texlive/texmf-dist/tex/latex/amsmath/amsopn.sty
Package: amsopn 2021/08/26 v2.02 operator names
)
\inf@bad=\count310
LaTeX Info: Redefining \frac on input line 234.
\uproot@=\count311
\leftroot@=\count312
LaTeX Info: Redefining \overline on input line 399.
\classnum@=\count313
\DOTSCASE@=\count314
LaTeX Info: Redefining \ldots on input line 496.
LaTeX Info: Redefining \dots on input line 499.
LaTeX Info: Redefining \cdots on input line 620.
\Mathstrutbox@=\box69
\strutbox@=\box70
\big@size=\dimen179
LaTeX Font Info:    Redeclaring font encoding OML on input line 743.
LaTeX Font Info:    Redeclaring font encoding OMS on input line 744.
\macc@depth=\count315
\c@MaxMatrixCols=\count316
\dotsspace@=\muskip16
\c@parentequation=\count317
\dspbrk@lvl=\count318
\tag@help=\toks31
\row@=\count319
\column@=\count320
\maxfields@=\count321
\andhelp@=\toks32
\eqnshift@=\dimen180
\alignsep@=\dimen181
\tagshift@=\dimen182
\tagwidth@=\dimen183
\totwidth@=\dimen184
\lineht@=\dimen185
\@envbody=\toks33
\multlinegap=\skip72
\multlinetaggap=\skip73
\mathdisplay@stack=\toks34
LaTeX Info: Redefining \[ on input line 2938.
LaTeX Info: Redefining \] on input line 2939.
)
(/usr/share/texlive/texmf-dist/tex/latex/amsfonts/amsfonts.sty
Package: amsfonts 2013/01/14 v3.01 Basic AMSFonts support
\symAMSa=\mathgroup4
\symAMSb=\mathgroup5
LaTeX Font Info:    Redeclaring math symbol \hbar on input line 98.
LaTeX Font Info:    Overwriting math alphabet `\mathfrak' in version `bold'
(Font)                  U/euf/m/n --> U/euf/b/n on input line 106.
)
(/usr/share/texlive/texmf-dist/tex/latex/geometry/geometry.sty
Package: geometry 2020/01/02 v5.9 Page Geometry

(/usr/share/texlive/texmf-dist/tex/generic/iftex/ifvtex.sty
Package: ifvtex 2019/10/25 v1.7 ifvtex legacy package. Use iftex instead.
)
\Gm@cnth=\count322
\Gm@cntv=\count323
\c@Gm@tempcnt=\count324
\Gm@bindingoffset=\dimen186
\Gm@wd@mp=\dimen187
\Gm@odd@mp=\dimen188
\Gm@even@mp=\dimen189
\Gm@layoutwidth=\dimen190
\Gm@layoutheight=\dimen191
\Gm@layouthoffset=\dimen192
\Gm@layoutvoffset=\dimen193
\Gm@dimlist=\toks35
)
(/usr/share/texlive/texmf-dist/tex/latex/base/fontenc.sty
Package: fontenc 2021/04/29 v2.0v Standard LaTeX package
)
(/usr/share/texlive/texmf-dist/tex/latex/base/inputenc.sty
Package: inputenc 2021/02/14 v1.3d Input encoding file
\inpenc@prehook=\toks36
\inpenc@posthook=\toks37
)
(/usr/share/texlive/texmf-dist/tex/latex/amsfonts/amssymb.sty
Package: amssymb 2013/01/14 v3.01 AMS font symbols
)
(/usr/share/texlive/texmf-dist/tex/latex/amscls/amsthm.sty
Package: amsthm 2020/05/29 v2.20.6
\thm@style=\toks38
\thm@bodyfont=\toks39
\thm@headfont=\toks40
\thm@notefont=\toks41
\thm@headpunct=\toks42
\thm@preskip=\skip74
\thm@postskip=\skip75
\thm@headsep=\skip76
\dth@everypar=\toks43
)
(/usr/share/texlive/texmf-dist/tex/latex/mathtools/mathtools.sty
Package: mathtools 2021/02/02 v1.28 mathematical typesetting tools

(/usr/share/texlive/texmf-dist/tex/latex/mathtools/mhsetup.sty
Package: mhsetup 2021/03/18 v1.4 programming setup (MH)
)
\g_MT_multlinerow_int=\count325
\l_MT_multwidth_dim=\dimen194
\origjot=\skip77
\l_MT_shortvdotswithinadjustabove_dim=\dimen195
\l_MT_shortvdotswithinadjustbelow_dim=\dimen196
\l_MT_above_intertext_sep=\dimen197
\l_MT_below_intertext_sep=\dimen198
\l_MT_above_shortintertext_sep=\dimen199
\l_MT_below_shortintertext_sep=\dimen256
\xmathstrut@box=\box71
\xmathstrut@dim=\dimen257
))
(/usr/share/texlive/texmf-dist/tex/latex/base/textcomp.sty
Package: textcomp 2020/02/02 v2.0n Standard LaTeX package
)
runsystem(which pygmentize && touch main.aex)...executed.

runsystem(rm main.aex)...executed.


(/usr/share/texlive/texmf-dist/tex/latex/l3backend/l3backend-pdftex.def
File: l3backend-pdftex.def 2022-01-12 L3 backend support: PDF output (pdfTeX)
\l__color_backend_stack_int=\count326
\l__pdf_internal_box=\box72
)
(./main.aux)
\openout1 = `main.aux'.

LaTeX Font Info:    Checking defaults for OML/cmm/m/it on input line 6.
LaTeX Font Info:    ... okay on input line 6.
LaTeX Font Info:    Checking defaults for OMS/cmsy/m/n on input line 6.
LaTeX Font Info:    ... okay on input line 6.
LaTeX Font Info:    Checking defaults for OT1/cmr/m/n on input line 6.
LaTeX Font Info:    ... okay on input line 6.
LaTeX Font Info:    Checking defaults for T1/cmr/m/n on input line 6.
LaTeX Font Info:    ... okay on input line 6.
LaTeX Font Info:    Checking defaults for TS1/cmr/m/n on input line 6.
LaTeX Font Info:    ... okay on input line 6.
LaTeX Font Info:    Checking defaults for OMX/cmex/m/n on input line 6.
LaTeX Font Info:    ... okay on input line 6.
LaTeX Font Info:    Checking defaults for U/cmr/m/n on input line 6.
LaTeX Font Info:    ... okay on input line 6.
 (/usr/share/texlive/texmf-dist/tex/context/base/mkii/supp-pdf.mkii
[Loading MPS to PDF converter (version 2006.09.02).]
\scratchcounter=\count327
\scratchdimen=\dimen258
\scratchbox=\box73
\nofMPsegments=\count328
\nofMParguments=\count329
\everyMPshowfont=\toks44
\MPscratchCnt=\count330
\MPscratchDim=\dimen259
\MPnumerator=\count331
\makeMPintoPDFobject=\count332
\everyMPtoPDFconversion=\toks45
) (/usr/share/texlive/texmf-dist/tex/latex/epstopdf-pkg/epstopdf-base.sty
Package: epstopdf-base 2020-01-24 v2.11 Base part for package epstopdf
Package epstopdf-base Info: Redefining graphics rule for `.eps' on input line 4
85.

(/usr/share/texlive/texmf-dist/tex/latex/latexconfig/epstopdf-sys.cfg
File: epstopdf-sys.cfg 2010/07/13 v1.3 Configuration of (r)epstopdf for TeX Liv
e
))
(/usr/share/texlive/texmf-dist/tex/latex/pdflscape/pdflscape.sty
Package: pdflscape 2019/12/05 v0.12 Display of landscape pages in PDF (HO)

(/usr/share/texlive/texmf-dist/tex/latex/graphics/lscape.sty
Package: lscape 2020/05/28 v3.02 Landscape Pages (DPC)
)
Package pdflscape Info: Auto-detected driver: pdftex on input line 81.
)
*geometry* driver: auto-detecting
*geometry* detected driver: pdftex
*geometry* verbose mode - [ preamble ] result:
* driver: pdftex
* paper: <default>
* layout: <same size as paper>
* layoutoffset:(h,v)=(0.0pt,0.0pt)
* modes: 
* h-part:(L,W,R)=(56.9055pt, 500.484pt, 56.9055pt)
* v-part:(T,H,B)=(56.9055pt, 681.15898pt, 56.9055pt)
* \paperwidth=614.295pt
* \paperheight=794.96999pt
* \textwidth=500.484pt
* \textheight=681.15898pt
* \oddsidemargin=-15.36449pt
* \evensidemargin=-15.36449pt
* \topmargin=-52.36449pt
* \headheight=12.0pt
* \headsep=25.0pt
* \topskip=10.0pt
* \footskip=30.0pt
* \marginparwidth=65.0pt
* \marginparsep=11.0pt
* \columnsep=10.0pt
* \skip\footins=9.0pt plus 4.0pt minus 2.0pt
* \hoffset=0.0pt
* \voffset=0.0pt
* \mag=1000
* \@twocolumnfalse
* \@twosidefalse
* \@mparswitchfalse
* \@reversemarginfalse
* (1in=72.27pt=25.4mm, 1cm=28.453pt)

LaTeX Font Info:    Trying to load font information for U+msa on input line 7.
(/usr/share/texlive/texmf-dist/tex/latex/amsfonts/umsa.fd
File: umsa.fd 2013/01/14 v3.01 AMS symbols A
)
LaTeX Font Info:    Trying to load font information for U+msb on input line 7.

(/usr/share/texlive/texmf-dist/tex/latex/amsfonts/umsb.fd
File: umsb.fd 2013/01/14 v3.01 AMS symbols B
) [1

{/var/lib/texmf/fonts/map/pdftex/updmap/pdftex.map}]
LaTeX Font Info:    Trying to load font information for T1+cmtt on input line 9
.

(/usr/share/texlive/texmf-dist/tex/latex/base/t1cmtt.fd
File: t1cmtt.fd 2019/12/16 v2.5j Standard LaTeX font definitions
)
Overfull \hbox (19.41682pt too wide) in paragraph at lines 11--13
\T1/cmr/m/n/10 The dec-la-ra-tion of the \T1/cmtt/m/n/10 GFkt \T1/cmr/m/n/10 cl
ass can be found in \T1/cmtt/m/n/10 grid_functions.h \T1/cmr/m/n/10 and the def
-i-ni-tions in the files \T1/cmtt/m/n/10 grid_functions.cpp\T1/cmr/m/n/10 ,
 []

Package svg Info: Calling Inkscape on input line 81.
runsystem(inkscape "../img/function.svg" -D --export-latex --export-filename="f
unction_svg-tex.pdf")...executed.

runsystem(mkdir -p "./svg-inkscape/")...executed.

runsystem(mv "function_svg-tex.pdf" "./svg-inkscape/function_svg-tex.pdf")...ex
ecuted.

runsystem(mv "function_svg-tex.pdf_tex" "./svg-inkscape/function_svg-tex.pdf_te
x")...executed.

Package svg Info: Last page of `./svg-inkscape/function_svg-tex.pdf' is 1 on in
put line 81.
(./svg-inkscape/function_svg-tex.pdf_tex
<./svg-inkscape/function_svg-tex.pdf, id=12, page=1, 451.6875pt x 301.125pt>
File: ./svg-inkscape/function_svg-tex.pdf Graphic file (type pdf)
<use ./svg-inkscape/function_svg-tex.pdf, page 1>
Package pdftex.def Info: ./svg-inkscape/function_svg-tex.pdf , page1 used on in
put line 56.
(pdftex.def)             Requested size: 225.21626pt x 150.14859pt.
)
Package svg Info: Calling Inkscape on input line 85.
runsystem(inkscape "../img/function_stretch.svg" -D --export-latex --export-fil
ename="function_stretch_svg-tex.pdf")...executed.

runsystem(mkdir -p "./svg-inkscape/")...executed.

runsystem(mv "function_stretch_svg-tex.pdf" "./svg-inkscape/function_stretch_sv
g-tex.pdf")...executed.

runsystem(mv "function_stretch_svg-tex.pdf_tex" "./svg-inkscape/function_stretc
h_svg-tex.pdf_tex")...executed.

Package svg Info: Last page of `./svg-inkscape/function_stretch_svg-tex.pdf' is
 1 on input line 85.

(./svg-inkscape/function_stretch_svg-tex.pdf_tex
<./svg-inkscape/function_stretch_svg-tex.pdf, id=14, page=1, 451.6875pt x 301.1
25pt>
File: ./svg-inkscape/function_stretch_svg-tex.pdf Graphic file (type pdf)
<use ./svg-inkscape/function_stretch_svg-tex.pdf, page 1>
Package pdftex.def Info: ./svg-inkscape/function_stretch_svg-tex.pdf , page1 us
ed on input line 56.
(pdftex.def)             Requested size: 225.21626pt x 150.14859pt.
)
Package svg Info: Calling Inkscape on input line 93.
runsystem(inkscape "../img/analyticpdx.svg" -D --export-latex --export-filename
="analyticpdx_svg-tex.pdf")...executed.

runsystem(mkdir -p "./svg-inkscape/")...executed.

runsystem(mv "analyticpdx_svg-tex.pdf" "./svg-inkscape/analyticpdx_svg-tex.pdf"
)...executed.

runsystem(mv "analyticpdx_svg-tex.pdf_tex" "./svg-inkscape/analyticpdx_svg-tex.
pdf_tex")...executed.

Package svg Info: Last page of `./svg-inkscape/analyticpdx_svg-tex.pdf' is 1 on
 input line 93.

(./svg-inkscape/analyticpdx_svg-tex.pdf_tex
<./svg-inkscape/analyticpdx_svg-tex.pdf, id=16, page=1, 451.6875pt x 301.125pt>

File: ./svg-inkscape/analyticpdx_svg-tex.pdf Graphic file (type pdf)
<use ./svg-inkscape/analyticpdx_svg-tex.pdf, page 1>
Package pdftex.def Info: ./svg-inkscape/analyticpdx_svg-tex.pdf , page1 used on
 input line 56.
(pdftex.def)             Requested size: 200.19054pt x 133.46031pt.
)
Package svg Info: Calling Inkscape on input line 97.
runsystem(inkscape "../img/pdx.svg" -D --export-latex --export-filename="pdx_sv
g-tex.pdf")...executed.

runsystem(mkdir -p "./svg-inkscape/")...executed.

runsystem(mv "pdx_svg-tex.pdf" "./svg-inkscape/pdx_svg-tex.pdf")...executed.

runsystem(mv "pdx_svg-tex.pdf_tex" "./svg-inkscape/pdx_svg-tex.pdf_tex")...exec
uted.

Package svg Info: Last page of `./svg-inkscape/pdx_svg-tex.pdf' is 1 on input l
ine 97.

(./svg-inkscape/pdx_svg-tex.pdf_tex
<./svg-inkscape/pdx_svg-tex.pdf, id=18, page=1, 451.6875pt x 301.125pt>
File: ./svg-inkscape/pdx_svg-tex.pdf Graphic file (type pdf)
<use ./svg-inkscape/pdx_svg-tex.pdf, page 1>
Package pdftex.def Info: ./svg-inkscape/pdx_svg-tex.pdf , page1 used on input l
ine 56.
(pdftex.def)             Requested size: 200.19054pt x 133.46031pt.
)
Package svg Info: Calling Inkscape on input line 101.
runsystem(inkscape "../img/analyticpdy.svg" -D --export-latex --export-filename
="analyticpdy_svg-tex.pdf")...executed.

runsystem(mkdir -p "./svg-inkscape/")...executed.

runsystem(mv "analyticpdy_svg-tex.pdf" "./svg-inkscape/analyticpdy_svg-tex.pdf"
)...executed.

runsystem(mv "analyticpdy_svg-tex.pdf_tex" "./svg-inkscape/analyticpdy_svg-tex.
pdf_tex")...executed.

Package svg Info: Last page of `./svg-inkscape/analyticpdy_svg-tex.pdf' is 1 on
 input line 101.

(./svg-inkscape/analyticpdy_svg-tex.pdf_tex
<./svg-inkscape/analyticpdy_svg-tex.pdf, id=20, page=1, 451.6875pt x 301.125pt>

File: ./svg-inkscape/analyticpdy_svg-tex.pdf Graphic file (type pdf)
<use ./svg-inkscape/analyticpdy_svg-tex.pdf, page 1>
Package pdftex.def Info: ./svg-inkscape/analyticpdy_svg-tex.pdf , page1 used on
 input line 56.
(pdftex.def)             Requested size: 200.19054pt x 133.46031pt.
)
Package svg Info: Calling Inkscape on input line 105.
runsystem(inkscape "../img/pdy.svg" -D --export-latex --export-filename="pdy_sv
g-tex.pdf")...executed.

runsystem(mkdir -p "./svg-inkscape/")...executed.

runsystem(mv "pdy_svg-tex.pdf" "./svg-inkscape/pdy_svg-tex.pdf")...executed.

runsystem(mv "pdy_svg-tex.pdf_tex" "./svg-inkscape/pdy_svg-tex.pdf_tex")...exec
uted.

Package svg Info: Last page of `./svg-inkscape/pdy_svg-tex.pdf' is 1 on input l
ine 105.

(./svg-inkscape/pdy_svg-tex.pdf_tex
<./svg-inkscape/pdy_svg-tex.pdf, id=22, page=1, 451.6875pt x 301.125pt>
File: ./svg-inkscape/pdy_svg-tex.pdf Graphic file (type pdf)
<use ./svg-inkscape/pdy_svg-tex.pdf, page 1>
Package pdftex.def Info: ./svg-inkscape/pdy_svg-tex.pdf , page1 used on input l
ine 56.
(pdftex.def)             Requested size: 200.19054pt x 133.46031pt.
)
Package svg Info: Calling Inkscape on input line 109.
runsystem(inkscape "../img/analyticlaplace.svg" -D --export-latex --export-file
name="analyticlaplace_svg-tex.pdf")...executed.

runsystem(mkdir -p "./svg-inkscape/")...executed.

runsystem(mv "analyticlaplace_svg-tex.pdf" "./svg-inkscape/analyticlaplace_svg-
tex.pdf")...executed.

runsystem(mv "analyticlaplace_svg-tex.pdf_tex" "./svg-inkscape/analyticlaplace_
svg-tex.pdf_tex")...executed.

Package svg Info: Last page of `./svg-inkscape/analyticlaplace_svg-tex.pdf' is 
1 on input line 109.

(./svg-inkscape/analyticlaplace_svg-tex.pdf_tex
<./svg-inkscape/analyticlaplace_svg-tex.pdf, id=24, page=1, 451.6875pt x 301.12
5pt>
File: ./svg-inkscape/analyticlaplace_svg-tex.pdf Graphic file (type pdf)
<use ./svg-inkscape/analyticlaplace_svg-tex.pdf, page 1>
Package pdftex.def Info: ./svg-inkscape/analyticlaplace_svg-tex.pdf , page1 use
d on input line 56.
(pdftex.def)             Requested size: 200.19054pt x 133.46031pt.
)
Package svg Info: Calling Inkscape on input line 113.
runsystem(inkscape "../img/laplace.svg" -D --export-latex --export-filename="la
place_svg-tex.pdf")...executed.

runsystem(mkdir -p "./svg-inkscape/")...executed.

runsystem(mv "laplace_svg-tex.pdf" "./svg-inkscape/laplace_svg-tex.pdf")...exec
uted.

runsystem(mv "laplace_svg-tex.pdf_tex" "./svg-inkscape/laplace_svg-tex.pdf_tex"
)...executed.

Package svg Info: Last page of `./svg-inkscape/laplace_svg-tex.pdf' is 1 on inp
ut line 113.

(./svg-inkscape/laplace_svg-tex.pdf_tex
<./svg-inkscape/laplace_svg-tex.pdf, id=26, page=1, 451.6875pt x 301.125pt>
File: ./svg-inkscape/laplace_svg-tex.pdf Graphic file (type pdf)
<use ./svg-inkscape/laplace_svg-tex.pdf, page 1>
Package pdftex.def Info: ./svg-inkscape/laplace_svg-tex.pdf , page1 used on inp
ut line 56.
(pdftex.def)             Requested size: 200.19054pt x 133.46031pt.
) [1]
Package svg Info: Calling Inkscape on input line 121.
runsystem(inkscape "../img/analyticpdx_stretch.svg" -D --export-latex --export-
filename="analyticpdx_stretch_svg-tex.pdf")...executed.

runsystem(mkdir -p "./svg-inkscape/")...executed.

runsystem(mv "analyticpdx_stretch_svg-tex.pdf" "./svg-inkscape/analyticpdx_stre
tch_svg-tex.pdf")...executed.

runsystem(mv "analyticpdx_stretch_svg-tex.pdf_tex" "./svg-inkscape/analyticpdx_
stretch_svg-tex.pdf_tex")...executed.

Package svg Info: Last page of `./svg-inkscape/analyticpdx_stretch_svg-tex.pdf'
 is 1 on input line 121.

(./svg-inkscape/analyticpdx_stretch_svg-tex.pdf_tex
<./svg-inkscape/analyticpdx_stretch_svg-tex.pdf, id=40, page=1, 451.6875pt x 30
1.125pt>
File: ./svg-inkscape/analyticpdx_stretch_svg-tex.pdf Graphic file (type pdf)
<use ./svg-inkscape/analyticpdx_stretch_svg-tex.pdf, page 1>
Package pdftex.def Info: ./svg-inkscape/analyticpdx_stretch_svg-tex.pdf , page1
 used on input line 56.
(pdftex.def)             Requested size: 200.19054pt x 133.46031pt.
)
Package svg Info: Calling Inkscape on input line 125.
runsystem(inkscape "../img/pdx_stretch.svg" -D --export-latex --export-filename
="pdx_stretch_svg-tex.pdf")...executed.

runsystem(mkdir -p "./svg-inkscape/")...executed.

runsystem(mv "pdx_stretch_svg-tex.pdf" "./svg-inkscape/pdx_stretch_svg-tex.pdf"
)...executed.

runsystem(mv "pdx_stretch_svg-tex.pdf_tex" "./svg-inkscape/pdx_stretch_svg-tex.
pdf_tex")...executed.

Package svg Info: Last page of `./svg-inkscape/pdx_stretch_svg-tex.pdf' is 1 on
 input line 125.

(./svg-inkscape/pdx_stretch_svg-tex.pdf_tex
<./svg-inkscape/pdx_stretch_svg-tex.pdf, id=42, page=1, 451.6875pt x 301.125pt>

File: ./svg-inkscape/pdx_stretch_svg-tex.pdf Graphic file (type pdf)
<use ./svg-inkscape/pdx_stretch_svg-tex.pdf, page 1>
Package pdftex.def Info: ./svg-inkscape/pdx_stretch_svg-tex.pdf , page1 used on
 input line 56.
(pdftex.def)             Requested size: 200.19054pt x 133.46031pt.
)
Package svg Info: Calling Inkscape on input line 129.
runsystem(inkscape "../img/analyticpdy_stretch.svg" -D --export-latex --export-
filename="analyticpdy_stretch_svg-tex.pdf")...executed.

runsystem(mkdir -p "./svg-inkscape/")...executed.

runsystem(mv "analyticpdy_stretch_svg-tex.pdf" "./svg-inkscape/analyticpdy_stre
tch_svg-tex.pdf")...executed.

runsystem(mv "analyticpdy_stretch_svg-tex.pdf_tex" "./svg-inkscape/analyticpdy_
stretch_svg-tex.pdf_tex")...executed.

Package svg Info: Last page of `./svg-inkscape/analyticpdy_stretch_svg-tex.pdf'
 is 1 on input line 129.

(./svg-inkscape/analyticpdy_stretch_svg-tex.pdf_tex
<./svg-inkscape/analyticpdy_stretch_svg-tex.pdf, id=44, page=1, 451.6875pt x 30
1.125pt>
File: ./svg-inkscape/analyticpdy_stretch_svg-tex.pdf Graphic file (type pdf)
<use ./svg-inkscape/analyticpdy_stretch_svg-tex.pdf, page 1>
Package pdftex.def Info: ./svg-inkscape/analyticpdy_stretch_svg-tex.pdf , page1
 used on input line 56.
(pdftex.def)             Requested size: 200.19054pt x 133.46031pt.
)
Package svg Info: Calling Inkscape on input line 133.
runsystem(inkscape "../img/pdy_stretch.svg" -D --export-latex --export-filename
="pdy_stretch_svg-tex.pdf")...executed.

runsystem(mkdir -p "./svg-inkscape/")...executed.

runsystem(mv "pdy_stretch_svg-tex.pdf" "./svg-inkscape/pdy_stretch_svg-tex.pdf"
)...executed.

runsystem(mv "pdy_stretch_svg-tex.pdf_tex" "./svg-inkscape/pdy_stretch_svg-tex.
pdf_tex")...executed.

Package svg Info: Last page of `./svg-inkscape/pdy_stretch_svg-tex.pdf' is 1 on
 input line 133.

(./svg-inkscape/pdy_stretch_svg-tex.pdf_tex
<./svg-inkscape/pdy_stretch_svg-tex.pdf, id=46, page=1, 451.6875pt x 301.125pt>

File: ./svg-inkscape/pdy_stretch_svg-tex.pdf Graphic file (type pdf)
<use ./svg-inkscape/pdy_stretch_svg-tex.pdf, page 1>
Package pdftex.def Info: ./svg-inkscape/pdy_stretch_svg-tex.pdf , page1 used on
 input line 56.
(pdftex.def)             Requested size: 200.19054pt x 133.46031pt.
)
Package svg Info: Calling Inkscape on input line 137.
runsystem(inkscape "../img/analyticlaplace_stretch.svg" -D --export-latex --exp
ort-filename="analyticlaplace_stretch_svg-tex.pdf")...executed.

runsystem(mkdir -p "./svg-inkscape/")...executed.

runsystem(mv "analyticlaplace_stretch_svg-tex.pdf" "./svg-inkscape/analyticlapl
ace_stretch_svg-tex.pdf")...executed.

runsystem(mv "analyticlaplace_stretch_svg-tex.pdf_tex" "./svg-inkscape/analytic
laplace_stretch_svg-tex.pdf_tex")...executed.

Package svg Info: Last page of `./svg-inkscape/analyticlaplace_stretch_svg-tex.
pdf' is 1 on input line 137.

(./svg-inkscape/analyticlaplace_stretch_svg-tex.pdf_tex
<./svg-inkscape/analyticlaplace_stretch_svg-tex.pdf, id=48, page=1, 451.6875pt 
x 301.125pt>
File: ./svg-inkscape/analyticlaplace_stretch_svg-tex.pdf Graphic file (type pdf
)
<use ./svg-inkscape/analyticlaplace_stretch_svg-tex.pdf, page 1>
Package pdftex.def Info: ./svg-inkscape/analyticlaplace_stretch_svg-tex.pdf , p
age1 used on input line 56.
(pdftex.def)             Requested size: 200.19054pt x 133.46031pt.
)
Package svg Info: Calling Inkscape on input line 141.
runsystem(inkscape "../img/laplace_stretch.svg" -D --export-latex --export-file
name="laplace_stretch_svg-tex.pdf")...executed.

runsystem(mkdir -p "./svg-inkscape/")...executed.

runsystem(mv "laplace_stretch_svg-tex.pdf" "./svg-inkscape/laplace_stretch_svg-
tex.pdf")...executed.

runsystem(mv "laplace_stretch_svg-tex.pdf_tex" "./svg-inkscape/laplace_stretch_
svg-tex.pdf_tex")...executed.

Package svg Info: Last page of `./svg-inkscape/laplace_stretch_svg-tex.pdf' is 
1 on input line 141.

(./svg-inkscape/laplace_stretch_svg-tex.pdf_tex
<./svg-inkscape/laplace_stretch_svg-tex.pdf, id=50, page=1, 451.6875pt x 301.12
5pt>
File: ./svg-inkscape/laplace_stretch_svg-tex.pdf Graphic file (type pdf)
<use ./svg-inkscape/laplace_stretch_svg-tex.pdf, page 1>
Package pdftex.def Info: ./svg-inkscape/laplace_stretch_svg-tex.pdf , page1 use
d on input line 56.
(pdftex.def)             Requested size: 200.19054pt x 133.46031pt.
) [2 <./svg-inkscape/function_svg-tex.pdf> <./svg-inkscape/function_stretch_svg
-tex.pdf

pdfTeX warning: pdflatex (file ./svg-inkscape/function_stretch_svg-tex.pdf): PD
F inclusion: multiple pdfs with page group included in a single page
>] [3 <./svg-inkscape/analyticpdx_svg-tex.pdf> <./svg-inkscape/pdx_svg-tex.pdf

pdfTeX warning: pdflatex (file ./svg-inkscape/pdx_svg-tex.pdf): PDF inclusion: 
multiple pdfs with page group included in a single page
> <./svg-inkscape/analyticpdy_svg-tex.pdf

pdfTeX warning: pdflatex (file ./svg-inkscape/analyticpdy_svg-tex.pdf): PDF inc
lusion: multiple pdfs with page group included in a single page
> <./svg-inkscape/pdy_svg-tex.pdf

pdfTeX warning: pdflatex (file ./svg-inkscape/pdy_svg-tex.pdf): PDF inclusion: 
multiple pdfs with page group included in a single page
> <./svg-inkscape/analyticlaplace_svg-tex.pdf

pdfTeX warning: pdflatex (file ./svg-inkscape/analyticlaplace_svg-tex.pdf): PDF
 inclusion: multiple pdfs with page group included in a single page
> <./svg-inkscape/laplace_svg-tex.pdf

pdfTeX warning: pdflatex (file ./svg-inkscape/laplace_svg-tex.pdf): PDF inclusi
on: multiple pdfs with page group included in a single page
>] [4 <./svg-inkscape/analyticpdx_stretch_svg-tex.pdf> <./svg-inkscape/pdx_stre
tch_svg-tex.pdf

pdfTeX warning: pdflatex (file ./svg-inkscape/pdx_stretch_svg-tex.pdf): PDF inc
lusion: multiple pdfs with page group included in a single page
> <./svg-inkscape/analyticpdy_stretch_svg-tex.pdf

pdfTeX warning: pdflatex (file ./svg-inkscape/analyticpdy_stretch_svg-tex.pdf):
 PDF inclusion: multiple pdfs with page group included in a single page
> <./svg-inkscape/pdy_stretch_svg-tex.pdf

pdfTeX warning: pdflatex (file ./svg-inkscape/pdy_stretch_svg-tex.pdf): PDF inc
lusion: multiple pdfs with page group included in a single page
> <./svg-inkscape/analyticlaplace_stretch_svg-tex.pdf

pdfTeX warning: pdflatex (file ./svg-inkscape/analyticlaplace_stretch_svg-tex.p
df): PDF inclusion: multiple pdfs with page group included in a single page
> <./svg-inkscape/laplace_stretch_svg-tex.pdf

pdfTeX warning: pdflatex (file ./svg-inkscape/laplace_stretch_svg-tex.pdf): PDF
 inclusion: multiple pdfs with page group included in a single page
>] (./_minted-main/default.pygstyle)
(./_minted-main/D6D44D46897F57387E011409DC4610D9F0B665AB1DADD472D89A4A2AF3B4BA4
C.pygtex
LaTeX Font Info:    Font shape `T1/cmtt/bx/n' in size <10> not available
(Font)              Font shape `T1/cmtt/m/n' tried instead on input line 9.
)
(./_minted-main/18CEC8783E71C033128CDE1F171196D4A868962E9820A7E9B328FC2E369EA91
9.pygtex [5]
LaTeX Font Info:    Trying to load font information for TS1+cmtt on input line 
59.
 (/usr/share/texlive/texmf-dist/tex/latex/base/ts1cmtt.fd
File: ts1cmtt.fd 2019/12/16 v2.5j Standard LaTeX font definitions
) [6])
(./_minted-main/769A03CA9BF27100E32FBFA289735FD5278B4FBF053B85301C9F259CA46AFC0
E.pygtex)
(./_minted-main/FF6F503DE24ADBF1592AEA9750C1C9B4C58B03592D9C10A8FF813A626CCCC33
5.pygtex [7] [8] [9] [10])
(./_minted-main/7718A949BDD9235C121F40FAEA973718DFE7FF419E311EC2130DF53F182A300
B.pygtex [11])
(./_minted-main/F12826F175B3313CBA30EBDDC227C1EA1FA3ED4D83BA89270D7EC6F9A2E5977
8.pygtex [12] [13])
(./_minted-main/A00B6FC6FCEE5F715B3BD77C1ABC0A106D1C895493E1177E537DFA1B94E4839
2.pygtex [14] [15] [16] [17] [18] [19])
(./_minted-main/F1C0432C39FA9C0BBF31A0A1881D72E7AF0BC2809299F92B463641DD9307007
B.pygtex [20])
(./_minted-main/A59EF27BA78F16A09ED8448068937434EDABD6FED6C5DA043DC43A9621D8CB4
A.pygtex)
(./_minted-main/22992776B532BB4887CEED0689AC69D4F10B785F15FF1E87F5AFCAB073DFB25
7.pygtex [21])
(./_minted-main/7474FEE43DE1E5C97D160C2544C93E4E5BB254E31BA420BEE430596EF6D6A4F
2.pygtex [22] [23])
(./_minted-main/961561DCDC11F6B7AD1979D61C330604B4F4A4AA10C20D337CE1E830426C9C5
C.pygtex [24]) [25] (./main.aux) ) 
Here is how much of TeX's memory you used:
 11973 strings out of 480247
 231722 string characters out of 5896151
 604664 words of memory out of 5000000
 29553 multiletter control sequences out of 15000+600000
 481906 words of font info for 64 fonts, out of 8000000 for 9000
 14 hyphenation exceptions out of 8191
 109i,14n,106p,825b,529s stack positions out of 5000i,500n,10000p,200000b,80000s
 </home/hjac/.texlive2021/texmf-var/fonts/pk/
ljfour/jknappen/ec/tctt1000.600pk> </home/hjac/.texlive2021/texmf-var/fonts/pk/
ljfour/jknappen/ec/ecit1000.600pk> </home/hjac/.texlive2021/texmf-var/fonts/pk/
ljfour/jknappen/ec/ecbx1200.600pk> </home/hjac/.texlive2021/texmf-var/fonts/pk/
ljfour/jknappen/ec/ecrm0800.600pk> </home/hjac/.texlive2021/texmf-var/fonts/pk/
ljfour/jknappen/ec/ectt1000.600pk> </home/hjac/.texlive2021/texmf-var/fonts/pk/
ljfour/jknappen/ec/ecrm1000.600pk> </home/hjac/.texlive2021/texmf-var/fonts/pk/
ljfour/jknappen/ec/ecbx1440.600pk> </home/hjac/.texlive2021/texmf-var/fonts/pk/
ljfour/jknappen/ec/ecrm1200.600pk> </home/hjac/.texlive2021/texmf-var/fonts/pk/
ljfour/jknappen/ec/ecrm1728.600pk></usr/share/texlive/texmf-dist/fonts/type1/pu
blic/amsfonts/cm/cmex10.pfb></usr/share/texlive/texmf-dist/fonts/type1/public/a
msfonts/cm/cmmi10.pfb></usr/share/texlive/texmf-dist/fonts/type1/public/amsfont
s/cm/cmmi6.pfb></usr/share/texlive/texmf-dist/fonts/type1/public/amsfonts/cm/cm
mi7.pfb></usr/share/texlive/texmf-dist/fonts/type1/public/amsfonts/cm/cmmi8.pfb
></usr/share/texlive/texmf-dist/fonts/type1/public/amsfonts/cm/cmr10.pfb></usr/
share/texlive/texmf-dist/fonts/type1/public/amsfonts/cm/cmr6.pfb></usr/share/te
xlive/texmf-dist/fonts/type1/public/amsfonts/cm/cmr7.pfb></usr/share/texlive/te
xmf-dist/fonts/type1/public/amsfonts/cm/cmsy10.pfb></usr/share/texlive/texmf-di
st/fonts/type1/public/amsfonts/cm/cmsy8.pfb>
Output written on main.pdf (26 pages, 945128 bytes).
PDF statistics:
 5642 PDF objects out of 6186 (max. 8388607)
 3525 compressed objects within 36 object streams
 0 named destinations out of 1000 (max. 500000)
 153 words of extra memory for PDF output out of 10000 (max. 10000000)

